This file contains any messages produced by compilers while
running configure, to aid debugging if configure makes a mistake.

It was created by cbgp configure 2.0.0-rc3, which was
generated by GNU Autoconf 2.65.  Invocation command line was

  $ ./configure --disable-bgpdump

## --------- ##
## Platform. ##
## --------- ##

hostname = vagrant-ubuntu-trusty-64
uname -m = x86_64
uname -r = 3.13.0-86-generic
uname -s = Linux
uname -v = #131-Ubuntu SMP Thu May 12 23:33:13 UTC 2016

/usr/bin/uname -p = unknown
/bin/uname -X     = unknown

/bin/arch              = unknown
/usr/bin/arch -k       = unknown
/usr/convex/getsysinfo = unknown
/usr/bin/hostinfo      = unknown
/bin/machine           = unknown
/usr/bin/oslevel       = unknown
/bin/universe          = unknown

PATH: /usr/local/sbin
PATH: /usr/local/bin
PATH: /usr/sbin
PATH: /usr/bin
PATH: /sbin
PATH: /bin
PATH: /usr/games
PATH: /usr/local/games


## ----------- ##
## Core tests. ##
## ----------- ##

configure:2470: checking build system type
configure:2484: result: x86_64-unknown-linux-gnu
configure:2504: checking host system type
configure:2517: result: x86_64-unknown-linux-gnu
configure:2537: checking target system type
configure:2550: result: x86_64-unknown-linux-gnu
configure:2594: checking for a BSD-compatible install
configure:2662: result: /usr/bin/install -c
configure:2673: checking whether build environment is sane
configure:2723: result: yes
configure:2864: checking for a thread-safe mkdir -p
configure:2903: result: /bin/mkdir -p
configure:2916: checking for gawk
configure:2932: found /usr/bin/gawk
configure:2943: result: gawk
configure:2954: checking whether make sets $(MAKE)
configure:2976: result: yes
configure:3106: checking for gcc
configure:3122: found /usr/bin/gcc
configure:3133: result: gcc
configure:3164: checking for C compiler version
configure:3173: gcc --version >&5
gcc (Ubuntu 4.8.4-2ubuntu1~14.04.3) 4.8.4
Copyright (C) 2013 Free Software Foundation, Inc.
This is free software; see the source for copying conditions.  There is NO
warranty; not even for MERCHANTABILITY or FITNESS FOR A PARTICULAR PURPOSE.

configure:3184: $? = 0
configure:3173: gcc -v >&5
Using built-in specs.
COLLECT_GCC=gcc
COLLECT_LTO_WRAPPER=/usr/lib/gcc/x86_64-linux-gnu/4.8/lto-wrapper
Target: x86_64-linux-gnu
Configured with: ../src/configure -v --with-pkgversion='Ubuntu 4.8.4-2ubuntu1~14.04.3' --with-bugurl=file:///usr/share/doc/gcc-4.8/README.Bugs --enable-languages=c,c++,java,go,d,fortran,objc,obj-c++ --prefix=/usr --program-suffix=-4.8 --enable-shared --enable-linker-build-id --libexecdir=/usr/lib --without-included-gettext --enable-threads=posix --with-gxx-include-dir=/usr/include/c++/4.8 --libdir=/usr/lib --enable-nls --with-sysroot=/ --enable-clocale=gnu --enable-libstdcxx-debug --enable-libstdcxx-time=yes --enable-gnu-unique-object --disable-libmudflap --enable-plugin --with-system-zlib --disable-browser-plugin --enable-java-awt=gtk --enable-gtk-cairo --with-java-home=/usr/lib/jvm/java-1.5.0-gcj-4.8-amd64/jre --enable-java-home --with-jvm-root-dir=/usr/lib/jvm/java-1.5.0-gcj-4.8-amd64 --with-jvm-jar-dir=/usr/lib/jvm-exports/java-1.5.0-gcj-4.8-amd64 --with-arch-directory=amd64 --with-ecj-jar=/usr/share/java/eclipse-ecj.jar --enable-objc-gc --enable-multiarch --disable-werror --with-arch-32=i686 --with-abi=m64 --with-multilib-list=m32,m64,mx32 --with-tune=generic --enable-checking=release --build=x86_64-linux-gnu --host=x86_64-linux-gnu --target=x86_64-linux-gnu
Thread model: posix
gcc version 4.8.4 (Ubuntu 4.8.4-2ubuntu1~14.04.3) 
configure:3184: $? = 0
configure:3173: gcc -V >&5
gcc: error: unrecognized command line option '-V'
gcc: fatal error: no input files
compilation terminated.
configure:3184: $? = 4
configure:3173: gcc -qversion >&5
gcc: error: unrecognized command line option '-qversion'
gcc: fatal error: no input files
compilation terminated.
configure:3184: $? = 4
configure:3204: checking whether the C compiler works
configure:3226: gcc    conftest.c  >&5
configure:3230: $? = 0
configure:3279: result: yes
configure:3282: checking for C compiler default output file name
configure:3284: result: a.out
configure:3290: checking for suffix of executables
configure:3297: gcc -o conftest    conftest.c  >&5
configure:3301: $? = 0
configure:3323: result: 
configure:3345: checking whether we are cross compiling
configure:3353: gcc -o conftest    conftest.c  >&5
configure:3357: $? = 0
configure:3364: ./conftest
configure:3368: $? = 0
configure:3383: result: no
configure:3388: checking for suffix of object files
configure:3410: gcc -c   conftest.c >&5
configure:3414: $? = 0
configure:3435: result: o
configure:3439: checking whether we are using the GNU C compiler
configure:3458: gcc -c   conftest.c >&5
configure:3458: $? = 0
configure:3467: result: yes
configure:3476: checking whether gcc accepts -g
configure:3496: gcc -c -g  conftest.c >&5
configure:3496: $? = 0
configure:3537: result: yes
configure:3554: checking for gcc option to accept ISO C89
configure:3618: gcc  -c -g -O2  conftest.c >&5
configure:3618: $? = 0
configure:3631: result: none needed
configure:3662: checking for style of include used by make
configure:3690: result: GNU
configure:3715: checking dependency style of gcc
configure:3825: result: gcc3
configure:3842: checking whether ln -s works
configure:3846: result: yes
configure:3854: checking whether gcc and cc understand -c and -o together
configure:3885: gcc -c conftest.c -o conftest2.o >&5
configure:3889: $? = 0
configure:3895: gcc -c conftest.c -o conftest2.o >&5
configure:3899: $? = 0
configure:3910: cc -c conftest.c >&5
configure:3914: $? = 0
configure:3922: cc -c conftest.c -o conftest2.o >&5
configure:3926: $? = 0
configure:3932: cc -c conftest.c -o conftest2.o >&5
configure:3936: $? = 0
configure:3954: result: yes
configure:3986: checking how to run the C preprocessor
configure:4017: gcc -E  conftest.c
configure:4017: $? = 0
configure:4031: gcc -E  conftest.c
conftest.c:9:28: fatal error: ac_nonexistent.h: No such file or directory
 #include <ac_nonexistent.h>
                            ^
compilation terminated.
configure:4031: $? = 1
configure: failed program was:
| /* confdefs.h */
| #define PACKAGE_NAME "cbgp"
| #define PACKAGE_TARNAME "cbgp"
| #define PACKAGE_VERSION "2.0.0-rc3"
| #define PACKAGE_STRING "cbgp 2.0.0-rc3"
| #define PACKAGE_BUGREPORT "bruno.quoitin@uclouvain.be"
| #define PACKAGE_URL ""
| /* end confdefs.h.  */
| #include <ac_nonexistent.h>
configure:4056: result: gcc -E
configure:4076: gcc -E  conftest.c
configure:4076: $? = 0
configure:4090: gcc -E  conftest.c
conftest.c:9:28: fatal error: ac_nonexistent.h: No such file or directory
 #include <ac_nonexistent.h>
                            ^
compilation terminated.
configure:4090: $? = 1
configure: failed program was:
| /* confdefs.h */
| #define PACKAGE_NAME "cbgp"
| #define PACKAGE_TARNAME "cbgp"
| #define PACKAGE_VERSION "2.0.0-rc3"
| #define PACKAGE_STRING "cbgp 2.0.0-rc3"
| #define PACKAGE_BUGREPORT "bruno.quoitin@uclouvain.be"
| #define PACKAGE_URL ""
| /* end confdefs.h.  */
| #include <ac_nonexistent.h>
configure:4119: checking for grep that handles long lines and -e
configure:4177: result: /bin/grep
configure:4182: checking for egrep
configure:4244: result: /bin/grep -E
configure:4249: checking for ANSI C header files
configure:4269: gcc -c -g -O2  conftest.c >&5
configure:4269: $? = 0
configure:4342: gcc -o conftest -g -O2   conftest.c  >&5
configure:4342: $? = 0
configure:4342: ./conftest
configure:4342: $? = 0
configure:4353: result: yes
configure:4366: checking for sys/types.h
configure:4366: gcc -c -g -O2  conftest.c >&5
configure:4366: $? = 0
configure:4366: result: yes
configure:4366: checking for sys/stat.h
configure:4366: gcc -c -g -O2  conftest.c >&5
configure:4366: $? = 0
configure:4366: result: yes
configure:4366: checking for stdlib.h
configure:4366: gcc -c -g -O2  conftest.c >&5
configure:4366: $? = 0
configure:4366: result: yes
configure:4366: checking for string.h
configure:4366: gcc -c -g -O2  conftest.c >&5
configure:4366: $? = 0
configure:4366: result: yes
configure:4366: checking for memory.h
configure:4366: gcc -c -g -O2  conftest.c >&5
configure:4366: $? = 0
configure:4366: result: yes
configure:4366: checking for strings.h
configure:4366: gcc -c -g -O2  conftest.c >&5
configure:4366: $? = 0
configure:4366: result: yes
configure:4366: checking for inttypes.h
configure:4366: gcc -c -g -O2  conftest.c >&5
configure:4366: $? = 0
configure:4366: result: yes
configure:4366: checking for stdint.h
configure:4366: gcc -c -g -O2  conftest.c >&5
configure:4366: $? = 0
configure:4366: result: yes
configure:4366: checking for unistd.h
configure:4366: gcc -c -g -O2  conftest.c >&5
configure:4366: $? = 0
configure:4366: result: yes
configure:4379: checking limits.h usability
configure:4379: gcc -c -g -O2  conftest.c >&5
configure:4379: $? = 0
configure:4379: result: yes
configure:4379: checking limits.h presence
configure:4379: gcc -E  conftest.c
configure:4379: $? = 0
configure:4379: result: yes
configure:4379: checking for limits.h
configure:4379: result: yes
configure:4388: checking for getrlimit
configure:4388: gcc -o conftest -g -O2   conftest.c  >&5
configure:4388: $? = 0
configure:4388: result: yes
configure:4388: checking for setrlimit
configure:4388: gcc -o conftest -g -O2   conftest.c  >&5
configure:4388: $? = 0
configure:4388: result: yes
configure:4398: checking sys/resource.h usability
configure:4398: gcc -c -g -O2  conftest.c >&5
configure:4398: $? = 0
configure:4398: result: yes
configure:4398: checking sys/resource.h presence
configure:4398: gcc -E  conftest.c
configure:4398: $? = 0
configure:4398: result: yes
configure:4398: checking for sys/resource.h
configure:4398: result: yes
configure:4406: checking for syslog
configure:4406: gcc -o conftest -g -O2   conftest.c  >&5
configure:4406: $? = 0
configure:4406: result: yes
configure:4415: checking getopt.h usability
configure:4415: gcc -c -g -O2  conftest.c >&5
configure:4415: $? = 0
configure:4415: result: yes
configure:4415: checking getopt.h presence
configure:4415: gcc -E  conftest.c
configure:4415: $? = 0
configure:4415: result: yes
configure:4415: checking for getopt.h
configure:4415: result: yes
configure:4427: checking for execvp
configure:4427: gcc -o conftest -g -O2   conftest.c  >&5
conftest.c:45:6: warning: conflicting types for built-in function 'execvp' [enabled by default]
 char execvp ();
      ^
configure:4427: $? = 0
configure:4427: result: yes
configure:4427: checking for fork
configure:4427: gcc -o conftest -g -O2   conftest.c  >&5
conftest.c:46:6: warning: conflicting types for built-in function 'fork' [enabled by default]
 char fork ();
      ^
configure:4427: $? = 0
configure:4427: result: yes
configure:4427: checking for waitpid
configure:4427: gcc -o conftest -g -O2   conftest.c  >&5
configure:4427: $? = 0
configure:4427: result: yes
configure:4439: checking for vasprintf
configure:4439: gcc -o conftest -g -O2   conftest.c  >&5
configure:4439: $? = 0
configure:4439: result: yes
configure:4450: checking for an ANSI C-conforming const
configure:4515: gcc -c -g -O2  conftest.c >&5
configure:4515: $? = 0
configure:4522: result: yes
configure:4530: checking for size_t
configure:4530: gcc -c -g -O2  conftest.c >&5
configure:4530: $? = 0
configure:4530: gcc -c -g -O2  conftest.c >&5
conftest.c: In function 'main':
conftest.c:62:21: error: expected expression before ')' token
 if (sizeof ((size_t)))
                     ^
configure:4530: $? = 1
configure: failed program was:
| /* confdefs.h */
| #define PACKAGE_NAME "cbgp"
| #define PACKAGE_TARNAME "cbgp"
| #define PACKAGE_VERSION "2.0.0-rc3"
| #define PACKAGE_STRING "cbgp 2.0.0-rc3"
| #define PACKAGE_BUGREPORT "bruno.quoitin@uclouvain.be"
| #define PACKAGE_URL ""
| #define STDC_HEADERS 1
| #define HAVE_SYS_TYPES_H 1
| #define HAVE_SYS_STAT_H 1
| #define HAVE_STDLIB_H 1
| #define HAVE_STRING_H 1
| #define HAVE_MEMORY_H 1
| #define HAVE_STRINGS_H 1
| #define HAVE_INTTYPES_H 1
| #define HAVE_STDINT_H 1
| #define HAVE_UNISTD_H 1
| #define HAVE_GETRLIMIT 1
| #define HAVE_SETRLIMIT 1
| #define HAVE_SYSLOG 1
| #define HAVE_EXECVP 1
| #define HAVE_FORK 1
| #define HAVE_WAITPID 1
| #define HAVE_VASPRINTF 1
| /* end confdefs.h.  */
| #include <stdio.h>
| #ifdef HAVE_SYS_TYPES_H
| # include <sys/types.h>
| #endif
| #ifdef HAVE_SYS_STAT_H
| # include <sys/stat.h>
| #endif
| #ifdef STDC_HEADERS
| # include <stdlib.h>
| # include <stddef.h>
| #else
| # ifdef HAVE_STDLIB_H
| #  include <stdlib.h>
| # endif
| #endif
| #ifdef HAVE_STRING_H
| # if !defined STDC_HEADERS && defined HAVE_MEMORY_H
| #  include <memory.h>
| # endif
| # include <string.h>
| #endif
| #ifdef HAVE_STRINGS_H
| # include <strings.h>
| #endif
| #ifdef HAVE_INTTYPES_H
| # include <inttypes.h>
| #endif
| #ifdef HAVE_STDINT_H
| # include <stdint.h>
| #endif
| #ifdef HAVE_UNISTD_H
| # include <unistd.h>
| #endif
| int
| main ()
| {
| if (sizeof ((size_t)))
| 	    return 0;
|   ;
|   return 0;
| }
configure:4530: result: yes
configure:4568: checking for a sed that does not truncate output
configure:4632: result: /bin/sed
configure:4650: checking for fgrep
configure:4712: result: /bin/grep -F
configure:4747: checking for ld used by gcc
configure:4814: result: /usr/bin/ld
configure:4821: checking if the linker (/usr/bin/ld) is GNU ld
configure:4836: result: yes
configure:4848: checking for BSD- or MS-compatible name lister (nm)
configure:4897: result: /usr/bin/nm -B
configure:5015: checking the name lister (/usr/bin/nm -B) interface
configure:5022: gcc -c -g -O2  conftest.c >&5
configure:5025: /usr/bin/nm -B "conftest.o"
configure:5028: output
0000000000000000 B some_variable
configure:5035: result: BSD nm
configure:5039: checking the maximum length of command line arguments
configure:5159: result: 1572864
configure:5176: checking whether the shell understands some XSI constructs
configure:5186: result: yes
configure:5190: checking whether the shell understands "+="
configure:5196: result: yes
configure:5231: checking for /usr/bin/ld option to reload object files
configure:5238: result: -r
configure:5307: checking for objdump
configure:5323: found /usr/bin/objdump
configure:5334: result: objdump
configure:5366: checking how to recognize dependent libraries
configure:5562: result: pass_all
configure:5622: checking for ar
configure:5638: found /usr/bin/ar
configure:5649: result: ar
configure:5727: checking for strip
configure:5743: found /usr/bin/strip
configure:5754: result: strip
configure:5826: checking for ranlib
configure:5842: found /usr/bin/ranlib
configure:5853: result: ranlib
configure:5943: checking command to parse /usr/bin/nm -B output from gcc object
configure:6061: gcc -c -g -O2  conftest.c >&5
configure:6064: $? = 0
configure:6068: /usr/bin/nm -B conftest.o \| sed -n -e 's/^.*[	 ]\([ABCDGIRSTW][ABCDGIRSTW]*\)[	 ][	 ]*\([_A-Za-z][_A-Za-z0-9]*\)$/\1 \2 \2/p' \> conftest.nm
configure:6071: $? = 0
configure:6125: gcc -o conftest -g -O2   conftest.c conftstm.o >&5
configure:6128: $? = 0
configure:6166: result: ok
configure:6261: gcc -c -g -O2  conftest.c >&5
configure:6264: $? = 0
configure:6971: checking for dlfcn.h
configure:6971: gcc -c -g -O2  conftest.c >&5
configure:6971: $? = 0
configure:6971: result: yes
configure:7155: checking for objdir
configure:7170: result: .libs
configure:7462: checking if gcc supports -fno-rtti -fno-exceptions
configure:7480: gcc -c -g -O2  -fno-rtti -fno-exceptions conftest.c >&5
cc1: warning: command line option '-fno-rtti' is valid for C++/ObjC++ but not for C [enabled by default]
configure:7484: $? = 0
configure:7497: result: no
configure:7517: checking for gcc option to produce PIC
configure:7789: result: -fPIC -DPIC
configure:7801: checking if gcc PIC flag -fPIC -DPIC works
configure:7819: gcc -c -g -O2  -fPIC -DPIC -DPIC conftest.c >&5
configure:7823: $? = 0
configure:7836: result: yes
configure:7860: checking if gcc static flag -static works
configure:7888: result: yes
configure:7903: checking if gcc supports -c -o file.o
configure:7924: gcc -c -g -O2  -o out/conftest2.o conftest.c >&5
configure:7928: $? = 0
configure:7950: result: yes
configure:7958: checking if gcc supports -c -o file.o
configure:8005: result: yes
configure:8038: checking whether the gcc linker (/usr/bin/ld -m elf_x86_64) supports shared libraries
configure:9024: result: yes
configure:9061: checking whether -lc should be explicitly linked in
configure:9066: gcc -c -g -O2  conftest.c >&5
configure:9069: $? = 0
configure:9084: gcc -shared conftest.o  -v -Wl,-soname -Wl,conftest -o conftest 2\>\&1 \| /bin/grep  -lc  \>/dev/null 2\>\&1
configure:9087: $? = 0
configure:9099: result: no
configure:9263: checking dynamic linker characteristics
configure:9696: gcc -o conftest -g -O2   -Wl,-rpath -Wl,/foo conftest.c  >&5
configure:9696: $? = 0
configure:9914: result: GNU/Linux ld.so
configure:10016: checking how to hardcode library paths into programs
configure:10041: result: immediate
configure:10561: checking whether stripping libraries is possible
configure:10566: result: yes
configure:10601: checking if libtool supports shared libraries
configure:10603: result: yes
configure:10606: checking whether to build shared libraries
configure:10627: result: yes
configure:10630: checking whether to build static libraries
configure:10634: result: yes
configure:10724: checking for pkg-config
configure:10742: found /usr/bin/pkg-config
configure:10754: result: /usr/bin/pkg-config
configure:10779: checking pkg-config is at least version 0.9.0
configure:10782: result: yes
configure:10793: checking for LIBGDS
configure:10800: $PKG_CONFIG --exists --print-errors "libgds >= $LIBGDS_VERSION"
configure:10803: $? = 0
configure:10816: $PKG_CONFIG --exists --print-errors "libgds >= $LIBGDS_VERSION"
configure:10819: $? = 0
configure:10858: result: yes
configure:10880: checking zlib.h usability
configure:10880: gcc -c -g -O2  conftest.c >&5
configure:10880: $? = 0
configure:10880: result: yes
configure:10880: checking zlib.h presence
configure:10880: gcc -E  conftest.c
configure:10880: $? = 0
configure:10880: result: yes
configure:10880: checking for zlib.h
configure:10880: result: yes
configure:10891: checking for gzopen in -lz
configure:10916: gcc -o conftest -g -O2   conftest.c -lz   >&5
configure:10916: $? = 0
configure:10925: result: yes
configure:11678: checking for pcre-config
configure:11694: found /usr/local/bin/pcre-config
configure:11706: result: pcre-config
configure:11721: checking for pcre libs
configure:11724: result: 
configure:11726: checking for pcre cflags
configure:11729: result: 
configure:11739: checking for BZ2_bzReadOpen in -lbz2
configure:11764: gcc -o conftest -g -O2   conftest.c -lbz2  -lz  >&5
configure:11764: $? = 0
configure:11773: result: yes
configure:11836: checking for tputs in -lncurses
configure:11861: gcc -o conftest -g -O2   conftest.c -lncurses  -lbz2 -lz  >&5
configure:11861: $? = 0
configure:11871: result: yes
configure:11897: checking for readline in -lreadline
configure:11922: gcc -o conftest -g -O2   conftest.c -lreadline  -lncurses  -lbz2 -lz  >&5
configure:11922: $? = 0
configure:11931: result: yes
configure:11941: checking for rl_gnu_readline_p in -lreadline
configure:11966: gcc -o conftest -g -O2   conftest.c -lreadline  -lncurses  -lreadline -lbz2 -lz  >&5
configure:11966: $? = 0
configure:11975: result: yes
configure:11990: checking readline/readline.h usability
configure:11990: gcc -c -g -O2  conftest.c >&5
configure:11990: $? = 0
configure:11990: result: yes
configure:11990: checking readline/readline.h presence
configure:11990: gcc -E  conftest.c
configure:11990: $? = 0
configure:11990: result: yes
configure:11990: checking for readline/readline.h
configure:11990: result: yes
configure:12004: checking readline/history.h usability
configure:12004: gcc -c -g -O2  conftest.c >&5
configure:12004: $? = 0
configure:12004: result: yes
configure:12004: checking readline/history.h presence
configure:12004: gcc -E  conftest.c
configure:12004: $? = 0
configure:12004: result: yes
configure:12004: checking for readline/history.h
configure:12004: result: yes
configure:12019: checking for rl_completion_matches in -lreadline
configure:12044: gcc -o conftest -g -O2   conftest.c -lreadline  -lncurses  -lreadline -lbz2 -lz  >&5
configure:12044: $? = 0
configure:12053: result: yes
configure:12063: checking for rl_filename_completion_function in -lreadline
configure:12088: gcc -o conftest -g -O2   conftest.c -lreadline  -lncurses  -lreadline -lbz2 -lz  >&5
configure:12088: $? = 0
configure:12097: result: yes
configure:12107: checking for rl_on_new_line in -lreadline
configure:12132: gcc -o conftest -g -O2   conftest.c -lreadline  -lncurses  -lreadline -lbz2 -lz  >&5
configure:12132: $? = 0
configure:12141: result: yes
configure:12197: checking for IPv6 support
configure:12225: gcc -o conftest -g -O2   conftest.c -lbz2 -lz  >&5
conftest.c: In function 'main':
conftest.c:50:4: warning: incompatible implicit declaration of built-in function 'exit' [enabled by default]
    exit(1);
    ^
configure:12225: $? = 0
configure:12225: ./conftest
configure:12225: $? = 0
configure:12235: result: yes
configure:12544: creating ./config.status

## ---------------------- ##
## Running config.status. ##
## ---------------------- ##

This file was extended by cbgp config.status 2.0.0-rc3, which was
generated by GNU Autoconf 2.65.  Invocation command line was

  CONFIG_FILES    = 
  CONFIG_HEADERS  = 
  CONFIG_LINKS    = 
  CONFIG_COMMANDS = 
  $ ./config.status 

on vagrant-ubuntu-trusty-64

config.status:1138: creating Makefile
config.status:1138: creating examples/Makefile
config.status:1138: creating lib/Makefile
config.status:1138: creating src/Makefile
config.status:1138: creating src/bgp/Makefile
config.status:1138: creating src/bgp/aslevel/Makefile
config.status:1138: creating src/bgp/attr/Makefile
config.status:1138: creating src/bgp/filter/Makefile
config.status:1138: creating src/cli/Makefile
config.status:1138: creating src/external/Makefile
config.status:1138: creating src/jni/Makefile
config.status:1138: creating src/jni/impl/Makefile
config.status:1138: creating src/net/Makefile
config.status:1138: creating src/net/traffic/Makefile
config.status:1138: creating src/sim/Makefile
config.status:1138: creating src/ui/Makefile
config.status:1138: creating src/util/Makefile
config.status:1138: creating valid/Makefile
config.status:1138: creating valid/CBGPValid/Makefile
config.status:1138: creating valid/tests/Makefile
config.status:1138: creating libcsim.pc
config.status:1138: creating cbgp.spec
config.status:1138: creating src/jni/jni-test.sh
config.status:1138: creating src/config.h
config.status:1358: executing depfiles commands
config.status:1358: executing libtool commands

## ---------------- ##
## Cache variables. ##
## ---------------- ##

ac_cv_build=x86_64-unknown-linux-gnu
ac_cv_c_compiler_gnu=yes
ac_cv_c_const=yes
ac_cv_env_CC_set=
ac_cv_env_CC_value=
ac_cv_env_CFLAGS_set=
ac_cv_env_CFLAGS_value=
ac_cv_env_CPPFLAGS_set=
ac_cv_env_CPPFLAGS_value=
ac_cv_env_CPP_set=
ac_cv_env_CPP_value=
ac_cv_env_LDFLAGS_set=
ac_cv_env_LDFLAGS_value=
ac_cv_env_LIBGDS_CFLAGS_set=
ac_cv_env_LIBGDS_CFLAGS_value=
ac_cv_env_LIBGDS_LIBS_set=
ac_cv_env_LIBGDS_LIBS_value=
ac_cv_env_LIBS_set=
ac_cv_env_LIBS_value=
ac_cv_env_PKG_CONFIG_set=
ac_cv_env_PKG_CONFIG_value=
ac_cv_env_build_alias_set=
ac_cv_env_build_alias_value=
ac_cv_env_host_alias_set=
ac_cv_env_host_alias_value=
ac_cv_env_target_alias_set=
ac_cv_env_target_alias_value=
ac_cv_func_execvp=yes
ac_cv_func_fork=yes
ac_cv_func_getrlimit=yes
ac_cv_func_setrlimit=yes
ac_cv_func_syslog=yes
ac_cv_func_vasprintf=yes
ac_cv_func_waitpid=yes
ac_cv_header_dlfcn_h=yes
ac_cv_header_getopt_h=yes
ac_cv_header_inttypes_h=yes
ac_cv_header_limits_h=yes
ac_cv_header_memory_h=yes
ac_cv_header_readline_history_h=yes
ac_cv_header_readline_readline_h=yes
ac_cv_header_stdc=yes
ac_cv_header_stdint_h=yes
ac_cv_header_stdlib_h=yes
ac_cv_header_string_h=yes
ac_cv_header_strings_h=yes
ac_cv_header_sys_resource_h=yes
ac_cv_header_sys_stat_h=yes
ac_cv_header_sys_types_h=yes
ac_cv_header_unistd_h=yes
ac_cv_header_zlib_h=yes
ac_cv_host=x86_64-unknown-linux-gnu
ac_cv_lib_bz2_BZ2_bzReadOpen=yes
ac_cv_lib_ncurses___tputs=yes
ac_cv_lib_readline_readline=yes
ac_cv_lib_readline_rl_completion_matches=yes
ac_cv_lib_readline_rl_filename_completion_function=yes
ac_cv_lib_readline_rl_gnu_readline_p=yes
ac_cv_lib_readline_rl_on_new_line=yes
ac_cv_lib_z_gzopen=yes
ac_cv_objext=o
ac_cv_path_EGREP='/bin/grep -E'
ac_cv_path_FGREP='/bin/grep -F'
ac_cv_path_GREP=/bin/grep
ac_cv_path_SED=/bin/sed
ac_cv_path_ac_pt_PKG_CONFIG=/usr/bin/pkg-config
ac_cv_path_install='/usr/bin/install -c'
ac_cv_path_mkdir=/bin/mkdir
ac_cv_prog_AWK=gawk
ac_cv_prog_CPP='gcc -E'
ac_cv_prog_LIBPCRE_CONFIG=pcre-config
ac_cv_prog_ac_ct_AR=ar
ac_cv_prog_ac_ct_CC=gcc
ac_cv_prog_ac_ct_OBJDUMP=objdump
ac_cv_prog_ac_ct_RANLIB=ranlib
ac_cv_prog_ac_ct_STRIP=strip
ac_cv_prog_cc_c89=
ac_cv_prog_cc_g=yes
ac_cv_prog_cc_gcc_c_o=yes
ac_cv_prog_make_make_set=yes
ac_cv_target=x86_64-unknown-linux-gnu
ac_cv_type_size_t=yes
am_cv_CC_dependencies_compiler_type=gcc3
lt_cv_deplibs_check_method=pass_all
lt_cv_file_magic_cmd='$MAGIC_CMD'
lt_cv_file_magic_test_file=
lt_cv_ld_reload_flag=-r
lt_cv_nm_interface='BSD nm'
lt_cv_objdir=.libs
lt_cv_path_LD=/usr/bin/ld
lt_cv_path_NM='/usr/bin/nm -B'
lt_cv_prog_compiler_c_o=yes
lt_cv_prog_compiler_pic_works=yes
lt_cv_prog_compiler_rtti_exceptions=no
lt_cv_prog_compiler_static_works=yes
lt_cv_prog_gnu_ld=yes
lt_cv_sys_global_symbol_pipe='sed -n -e '\''s/^.*[	 ]\([ABCDGIRSTW][ABCDGIRSTW]*\)[	 ][	 ]*\([_A-Za-z][_A-Za-z0-9]*\)$/\1 \2 \2/p'\'''
lt_cv_sys_global_symbol_to_c_name_address='sed -n -e '\''s/^: \([^ ]*\) $/  {\"\1\", (void *) 0},/p'\'' -e '\''s/^[ABCDGIRSTW]* \([^ ]*\) \([^ ]*\)$/  {"\2", (void *) \&\2},/p'\'''
lt_cv_sys_global_symbol_to_c_name_address_lib_prefix='sed -n -e '\''s/^: \([^ ]*\) $/  {\"\1\", (void *) 0},/p'\'' -e '\''s/^[ABCDGIRSTW]* \([^ ]*\) \(lib[^ ]*\)$/  {"\2", (void *) \&\2},/p'\'' -e '\''s/^[ABCDGIRSTW]* \([^ ]*\) \([^ ]*\)$/  {"lib\2", (void *) \&\2},/p'\'''
lt_cv_sys_global_symbol_to_cdecl='sed -n -e '\''s/^T .* \(.*\)$/extern int \1();/p'\'' -e '\''s/^[ABCDGIRSTW]* .* \(.*\)$/extern char \1;/p'\'''
lt_cv_sys_max_cmd_len=1572864
pkg_cv_LIBGDS_CFLAGS='-I/usr/local/include  '
pkg_cv_LIBGDS_LIBS='-L/usr/local/lib -lgds  '

## ----------------- ##
## Output variables. ##
## ----------------- ##

ACLOCAL='${SHELL} /vagrant/cbgp-2.0.0-rc3/missing --run aclocal-1.11'
AMDEPBACKSLASH='\'
AMDEP_FALSE='#'
AMDEP_TRUE=''
AMTAR='${SHELL} /vagrant/cbgp-2.0.0-rc3/missing --run tar'
AR='ar'
AUTOCONF='${SHELL} /vagrant/cbgp-2.0.0-rc3/missing --run autoconf'
AUTOHEADER='${SHELL} /vagrant/cbgp-2.0.0-rc3/missing --run autoheader'
AUTOMAKE='${SHELL} /vagrant/cbgp-2.0.0-rc3/missing --run automake-1.11'
AWK='gawk'
CBGP_LT_RELEASE='2.0.0-rc3'
CC='gcc'
CCDEPMODE='depmode=gcc3'
CFLAGS='-g -O2 -Wall -O2'
CPP='gcc -E'
CPPFLAGS=''
CYGPATH_W='echo'
DEFS='-DHAVE_CONFIG_H'
DEPDIR='.deps'
DSYMUTIL=''
DUMPBIN=''
ECHO_C=''
ECHO_N='-n'
ECHO_T=''
EGREP='/bin/grep -E'
EXEEXT=''
FGREP='/bin/grep -F'
GREP='/bin/grep'
HOST_IS_CYGWIN_FALSE=''
HOST_IS_CYGWIN_TRUE='#'
INSTALL_DATA='${INSTALL} -m 644'
INSTALL_PROGRAM='${INSTALL}'
INSTALL_SCRIPT='${INSTALL}'
INSTALL_STRIP_PROGRAM='$(install_sh) -c -s'
JAVA=''
JAVAC=''
JAVADOC=''
JAVAH=''
LD='/usr/bin/ld -m elf_x86_64'
LDFLAGS=''
LIBGDS_CFLAGS='-I/usr/local/include  '
LIBGDS_LIBS='-L/usr/local/lib -lgds  '
LIBGDS_VERSION='2.0.0'
LIBOBJS=''
LIBPCRE_CONFIG='pcre-config'
LIBS='-lbz2 -lz '
LIBTOOL='$(SHELL) $(top_builddir)/libtool'
LIPO=''
LN_S='ln -s'
LTLIBOBJS=''
MAKEINFO='${SHELL} /vagrant/cbgp-2.0.0-rc3/missing --run makeinfo'
MKDIR_P='/bin/mkdir -p'
NM='/usr/bin/nm -B'
NMEDIT=''
OBJDUMP='objdump'
OBJEXT='o'
OTOOL64=''
OTOOL=''
PACKAGE='cbgp'
PACKAGE_BUGREPORT='bruno.quoitin@uclouvain.be'
PACKAGE_NAME='cbgp'
PACKAGE_STRING='cbgp 2.0.0-rc3'
PACKAGE_TARNAME='cbgp'
PACKAGE_URL=''
PACKAGE_VERSION='2.0.0-rc3'
PATH_SEPARATOR=':'
PCRE_CFLAGS='-I/usr/local/include'
PCRE_LIBS='-L/usr/local/lib -lpcre'
PKG_CONFIG='/usr/bin/pkg-config'
RANLIB='ranlib'
READLINE_CFLAGS=''
READLINE_LIBS=' -lncurses  -lreadline'
SED='/bin/sed'
SET_MAKE=''
SHELL='/bin/bash'
STRIP='strip'
VERSION='2.0.0-rc3'
WITH_BGPDUMP_FALSE=''
WITH_BGPDUMP_TRUE='#'
WITH_EFENCE_FALSE=''
WITH_EFENCE_TRUE='#'
WITH_EXPERIMENTAL_FALSE=''
WITH_EXPERIMENTAL_TRUE='#'
WITH_EXTERNAL_BEST_FALSE=''
WITH_EXTERNAL_BEST_TRUE='#'
WITH_JNI_FALSE=''
WITH_JNI_TRUE='#'
WITH_LIBALLOC_FALSE=''
WITH_LIBALLOC_TRUE='#'
WITH_OSPF_FALSE=''
WITH_OSPF_TRUE='#'
WITH_WALTON_FALSE=''
WITH_WALTON_TRUE='#'
ac_ct_CC='gcc'
ac_ct_DUMPBIN=''
am__EXEEXT_FALSE=''
am__EXEEXT_TRUE='#'
am__fastdepCC_FALSE='#'
am__fastdepCC_TRUE=''
am__include='include'
am__isrc=''
am__leading_dot='.'
am__quote=''
am__tar='${AMTAR} chof - "$$tardir"'
am__untar='${AMTAR} xf -'
bindir='${exec_prefix}/bin'
build='x86_64-unknown-linux-gnu'
build_alias=''
build_cpu='x86_64'
build_os='linux-gnu'
build_vendor='unknown'
datadir='${datarootdir}'
datarootdir='${prefix}/share'
docdir='${datarootdir}/doc/${PACKAGE_TARNAME}'
dvidir='${docdir}'
exec_prefix='${prefix}'
host='x86_64-unknown-linux-gnu'
host_alias=''
host_cpu='x86_64'
host_os='linux-gnu'
host_vendor='unknown'
htmldir='${docdir}'
includedir='${prefix}/include'
infodir='${datarootdir}/info'
install_sh='${SHELL} /vagrant/cbgp-2.0.0-rc3/install-sh'
libdir='${exec_prefix}/lib'
libexecdir='${exec_prefix}/libexec'
localedir='${datarootdir}/locale'
localstatedir='${prefix}/var'
lt_ECHO='echo'
mandir='${datarootdir}/man'
mkdir_p='/bin/mkdir -p'
oldincludedir='/usr/include'
pdfdir='${docdir}'
prefix='/usr/local'
program_transform_name='s,x,x,'
psdir='${docdir}'
sbindir='${exec_prefix}/sbin'
sharedstatedir='${prefix}/com'
sysconfdir='${prefix}/etc'
target='x86_64-unknown-linux-gnu'
target_alias=''
target_cpu='x86_64'
target_os='linux-gnu'
target_vendor='unknown'
uudecode=''

## ----------- ##
## confdefs.h. ##
## ----------- ##

/* confdefs.h */
#define PACKAGE_NAME "cbgp"
#define PACKAGE_TARNAME "cbgp"
#define PACKAGE_VERSION "2.0.0-rc3"
#define PACKAGE_STRING "cbgp 2.0.0-rc3"
#define PACKAGE_BUGREPORT "bruno.quoitin@uclouvain.be"
#define PACKAGE_URL ""
#define STDC_HEADERS 1
#define HAVE_SYS_TYPES_H 1
#define HAVE_SYS_STAT_H 1
#define HAVE_STDLIB_H 1
#define HAVE_STRING_H 1
#define HAVE_MEMORY_H 1
#define HAVE_STRINGS_H 1
#define HAVE_INTTYPES_H 1
#define HAVE_STDINT_H 1
#define HAVE_UNISTD_H 1
#define HAVE_GETRLIMIT 1
#define HAVE_SETRLIMIT 1
#define HAVE_SYSLOG 1
#define HAVE_EXECVP 1
#define HAVE_FORK 1
#define HAVE_WAITPID 1
#define HAVE_VASPRINTF 1
#define HAVE_DLFCN_H 1
#define LT_OBJDIR ".libs/"
#define HAVE_ZLIB_H 1
#define HAVE_LIBZ 1
#define HAVE_LIBPCRE 1
#define HAVE_LIBBZ2 1
#define HAVE_RL_GNU_READLINE_P 1
#define HAVE_READLINE_READLINE_H 1
#define HAVE_READLINE_HISTORY_H 1
#define HAVE_RL_COMPLETION_MATCHES 1
#define HAVE_RL_FILENAME_COMPLETION_FUNCTION 1
#define HAVE_RL_ON_NEW_LINE 1
#define HAVE_LIBREADLINE 1
#define BGPDUMP_HAVE_IPV6 1

configure: exit 0
